19:50:48 com_github_zykrah_kicad-kle-placer.kle_placer_action 497: Plugin executed with python version: '3.9.16 (main, May 18 2023, 07:48:16) [MSC v.1936 64 bit (AMD64)]'
19:50:54 com_github_zykrah_kicad-kle-placer.kle_placer_action 512: User layout: Keyboard(meta=KeyboardMetadata(backcolor='#eeeeee', name='', author='', notes='', background=None, radii='', switchMount='', switchBrand='', switchType='', plate=False, pcb=False), keys=[Key(color='#cccccc', labels=['3', '', '', '', '', '', '', '', '', '', '', ''], text_color=[None, None, None, None, None, None, None, None, None, None, None, None], text_size=[None, None, None, None, None, None, None, None, None, None, None, None], default=KeyDefault(text_color='#000000', text_size=3), x=3.25, y=0.0, width=1.0, height=1.0, x2=0.0, y2=0.0, width2=1.0, height2=1.0, rotation_x=0.0, rotation_y=0.0, rotation_angle=0.0, decal=False, ghost=False, stepped=False, nub=False, profile='', sm='', sb='', st=''), Key(color='#cccccc', labels=['4', '', '', '', '', '', '', '', '', '', '', ''], text_color=[None, None, None, None, None, None, None, None, None, None, None, None], text_size=[None, None, None, None, None, None, None, None, None, None, None, None], default=KeyDefault(text_color='#000000', text_size=3), x=2.25, y=0.25, width=1, height=1, x2=0, y2=0, width2=1, height2=1, rotation_x=0.0, rotation_y=0.0, rotation_angle=0.0, decal=False, ghost=False, stepped=False, nub=False, profile='', sm='', sb='', st=''), Key(color='#cccccc', labels=['2', '', '', '', '', '', '', '', '', '', '', ''], text_color=[None, None, None, None, None, None, None, None, None, None, None, None], text_size=[None, None, None, None, None, None, None, None, None, None, None, None], default=KeyDefault(text_color='#000000', text_size=3), x=4.25, y=0.25, width=1, height=1, x2=0, y2=0, width2=1, height2=1, rotation_x=0.0, rotation_y=0.0, rotation_angle=0.0, decal=False, ghost=False, stepped=False, nub=False, profile='', sm='', sb='', st=''), Key(color='#cccccc', labels=['1', '', '', '', '', '', '', '', '', '', '', ''], text_color=[None, None, None, None, None, None, None, None, None, None, None, None], text_size=[None, None, None, None, None, None, None, None, None, None, None, None], default=KeyDefault(text_color='#000000', text_size=3), x=5.25, y=0.5, width=1, height=1, x2=0, y2=0, width2=1, height2=1, rotation_x=0.0, rotation_y=0.0, rotation_angle=0.0, decal=False, ghost=False, stepped=False, nub=False, profile='', sm='', sb='', st=''), Key(color='#cccccc', labels=['5', '', '', '', '', '', '', '', '', '', '', ''], text_color=[None, None, None, None, None, None, None, None, None, None, None, None], text_size=[None, None, None, None, None, None, None, None, None, None, None, None], default=KeyDefault(text_color='#000000', text_size=3), x=1.25, y=1.0, width=1, height=1, x2=0, y2=0, width2=1, height2=1, rotation_x=0.0, rotation_y=0.0, rotation_angle=0.0, decal=False, ghost=False, stepped=False, nub=False, profile='', sm='', sb='', st=''), Key(color='#cccccc', labels=['9', '', '', '', '', '', '', '', '', '', '', ''], text_color=[None, None, None, None, None, None, None, None, None, None, None, None], text_size=[None, None, None, None, None, None, None, None, None, None, None, None], default=KeyDefault(text_color='#000000', text_size=3), x=3.25, y=1.0, width=1, height=1, x2=0, y2=0, width2=1, height2=1, rotation_x=0.0, rotation_y=0.0, rotation_angle=0.0, decal=False, ghost=False, stepped=False, nub=False, profile='', sm='', sb='', st=''), Key(color='#cccccc', labels=['10', '', '', '', '', '', '', '', '', '', '', ''], text_color=[None, None, None, None, None, None, None, None, None, None, None, None], text_size=[None, None, None, None, None, None, None, None, None, None, None, None], default=KeyDefault(text_color='#000000', text_size=3), x=2.25, y=1.25, width=1, height=1, x2=0, y2=0, width2=1, height2=1, rotation_x=0.0, rotation_y=0.0, rotation_angle=0.0, decal=False, ghost=False, stepped=False, nub=False, profile='', sm='', sb='', st=''), Key(color='#cccccc', labels=['8', '', '', '', '', '', '', '', '', '', '', ''], text_color=[None, None, None, None, None, None, None, None, None, None, None, None], text_size=[None, None, None, None, None, None, None, None, None, None, None, None], default=KeyDefault(text_color='#000000', text_size=3), x=4.25, y=1.25, width=1, height=1, x2=0, y2=0, width2=1, height2=1, rotation_x=0.0, rotation_y=0.0, rotation_angle=0.0, decal=False, ghost=False, stepped=False, nub=False, profile='', sm='', sb='', st=''), Key(color='#cccccc', labels=['6', '', '', '', '', '', '', '', '', '', '', ''], text_color=[None, None, None, None, None, None, None, None, None, None, None, None], text_size=[None, None, None, None, None, None, None, None, None, None, None, None], default=KeyDefault(text_color='#000000', text_size=3), x=0.0, y=1.5, width=1, height=1, x2=0, y2=0, width2=1, height2=1, rotation_x=0.0, rotation_y=0.0, rotation_angle=0.0, decal=False, ghost=False, stepped=False, nub=False, profile='', sm='', sb='', st=''), Key(color='#cccccc', labels=['7', '', '', '', '', '', '', '', '', '', '', ''], text_color=[None, None, None, None, None, None, None, None, None, None, None, None], text_size=[None, None, None, None, None, None, None, None, None, None, None, None], default=KeyDefault(text_color='#000000', text_size=3), x=5.25, y=1.5, width=1, height=1, x2=0, y2=0, width2=1, height2=1, rotation_x=0.0, rotation_y=0.0, rotation_angle=0.0, decal=False, ghost=False, stepped=False, nub=False, profile='', sm='', sb='', st=''), Key(color='#cccccc', labels=['11', '', '', '', '', '', '', '', '', '', '', ''], text_color=[None, None, None, None, None, None, None, None, None, None, None, None], text_size=[None, None, None, None, None, None, None, None, None, None, None, None], default=KeyDefault(text_color='#000000', text_size=3), x=1.25, y=2.0, width=1, height=1, x2=0, y2=0, width2=1, height2=1, rotation_x=0.0, rotation_y=0.0, rotation_angle=0.0, decal=False, ghost=False, stepped=False, nub=False, profile='', sm='', sb='', st=''), Key(color='#cccccc', labels=['15', '', '', '', '', '', '', '', '', '', '', ''], text_color=[None, None, None, None, None, None, None, None, None, None, None, None], text_size=[None, None, None, None, None, None, None, None, None, None, None, None], default=KeyDefault(text_color='#000000', text_size=3), x=3.25, y=2.0, width=1, height=1, x2=0, y2=0, width2=1, height2=1, rotation_x=0.0, rotation_y=0.0, rotation_angle=0.0, decal=False, ghost=False, stepped=False, nub=False, profile='', sm='', sb='', st=''), Key(color='#cccccc', labels=['17', '', '', '', '', '', '', '', '', '', '', ''], text_color=[None, None, None, None, None, None, None, None, None, None, None, None], text_size=[None, None, None, None, None, None, None, None, None, None, None, None], default=KeyDefault(text_color='#000000', text_size=3), x=2.25, y=2.25, width=1, height=1, x2=0, y2=0, width2=1, height2=1, rotation_x=0.0, rotation_y=0.0, rotation_angle=0.0, decal=False, ghost=False, stepped=False, nub=False, profile='', sm='', sb='', st=''), Key(color='#cccccc', labels=['14', '', '', '', '', '', '', '', '', '', '', ''], text_color=[None, None, None, None, None, None, None, None, None, None, None, None], text_size=[None, None, None, None, None, None, None, None, None, None, None, None], default=KeyDefault(text_color='#000000', text_size=3), x=4.25, y=2.25, width=1, height=1, x2=0, y2=0, width2=1, height2=1, rotation_x=0.0, rotation_y=0.0, rotation_angle=0.0, decal=False, ghost=False, stepped=False, nub=False, profile='', sm='', sb='', st=''), Key(color='#cccccc', labels=['12', '', '', '', '', '', '', '', '', '', '', ''], text_color=[None, None, None, None, None, None, None, None, None, None, None, None], text_size=[None, None, None, None, None, None, None, None, None, None, None, None], default=KeyDefault(text_color='#000000', text_size=3), x=0.0, y=2.5, width=1, height=1, x2=0, y2=0, width2=1, height2=1, rotation_x=0.0, rotation_y=0.0, rotation_angle=0.0, decal=False, ghost=False, stepped=False, nub=False, profile='', sm='', sb='', st=''), Key(color='#cccccc', labels=['13', '', '', '', '', '', '', '', '', '', '', ''], text_color=[None, None, None, None, None, None, None, None, None, None, None, None], text_size=[None, None, None, None, None, None, None, None, None, None, None, None], default=KeyDefault(text_color='#000000', text_size=3), x=5.25, y=2.5, width=1, height=1, x2=0, y2=0, width2=1, height2=1, rotation_x=0.0, rotation_y=0.0, rotation_angle=0.0, decal=False, ghost=False, stepped=False, nub=False, profile='', sm='', sb='', st=''), Key(color='#cccccc', labels=['18', '', '', '', '', '', '', '', '', '', '', ''], text_color=[None, None, None, None, None, None, None, None, None, None, None, None], text_size=[None, None, None, None, None, None, None, None, None, None, None, None], default=KeyDefault(text_color='#000000', text_size=3), x=1.25, y=3.0, width=1, height=1, x2=0, y2=0, width2=1, height2=1, rotation_x=0.0, rotation_y=0.0, rotation_angle=0.0, decal=False, ghost=False, stepped=False, nub=False, profile='', sm='', sb='', st=''), Key(color='#cccccc', labels=['19', '', '', '', '', '', '', '', '', '', '', ''], text_color=[None, None, None, None, None, None, None, None, None, None, None, None], text_size=[None, None, None, None, None, None, None, None, None, None, None, None], default=KeyDefault(text_color='#000000', text_size=3), x=0.0, y=3.5, width=1, height=1, x2=0, y2=0, width2=1, height2=1, rotation_x=0.0, rotation_y=0.0, rotation_angle=0.0, decal=False, ghost=False, stepped=False, nub=False, profile='', sm='', sb='', st=''), Key(color='#cccccc', labels=['22', '', '', '', '', '', '', '', '', '', '', ''], text_color=[None, None, None, None, None, None, None, None, None, None, None, None], text_size=[None, None, None, None, None, None, None, None, None, None, None, None], default=KeyDefault(text_color='#000000', text_size=3), x=3.75, y=3.5, width=1, height=1, x2=0, y2=0, width2=1, height2=1, rotation_x=0.0, rotation_y=0.0, rotation_angle=0.0, decal=False, ghost=False, stepped=False, nub=False, profile='', sm='', sb='', st=''), Key(color='#cccccc', labels=['21', '', '', '', '', '', '', '', '', '', '', ''], text_color=[None, None, None, None, None, None, None, None, None, None, None, None], text_size=[None, None, None, None, None, None, None, None, None, None, None, None], default=KeyDefault(text_color='#000000', text_size=3), x=4.82, y=3.65, width=1, height=1, x2=0, y2=0, width2=1, height2=1, rotation_x=0.0, rotation_y=0.0, rotation_angle=0.0, decal=False, ghost=False, stepped=False, nub=False, profile='', sm='', sb='', st=''), Key(color='#cccccc', labels=['20', '', '', '', '', '', '', '', '', '', '', ''], text_color=[None, None, None, None, None, None, None, None, None, None, None, None], text_size=[None, None, None, None, None, None, None, None, None, None, None, None], default=KeyDefault(text_color='#000000', text_size=3), x=6.0, y=3.75, width=1, height=1, x2=0, y2=0, width2=1, height2=1, rotation_x=0.0, rotation_y=0.0, rotation_angle=0.0, decal=False, ghost=False, stepped=False, nub=False, profile='', sm='', sb='', st='')])
19:50:54 com_github_zykrah_kicad-kle-placer.kle_placer_action 181: [Key(color='#cccccc', labels=['3', '', '', '', '', '', '', '', '', '', '', ''], text_color=[None, None, None, None, None, None, None, None, None, None, None, None], text_size=[None, None, None, None, None, None, None, None, None, None, None, None], default=KeyDefault(text_color='#000000', text_size=3), x=3.25, y=0.0, width=1.0, height=1.0, x2=0.0, y2=0.0, width2=1.0, height2=1.0, rotation_x=0.0, rotation_y=0.0, rotation_angle=0.0, decal=False, ghost=False, stepped=False, nub=False, profile='', sm='', sb='', st=''), Key(color='#cccccc', labels=['4', '', '', '', '', '', '', '', '', '', '', ''], text_color=[None, None, None, None, None, None, None, None, None, None, None, None], text_size=[None, None, None, None, None, None, None, None, None, None, None, None], default=KeyDefault(text_color='#000000', text_size=3), x=2.25, y=0.25, width=1, height=1, x2=0, y2=0, width2=1, height2=1, rotation_x=0.0, rotation_y=0.0, rotation_angle=0.0, decal=False, ghost=False, stepped=False, nub=False, profile='', sm='', sb='', st=''), Key(color='#cccccc', labels=['2', '', '', '', '', '', '', '', '', '', '', ''], text_color=[None, None, None, None, None, None, None, None, None, None, None, None], text_size=[None, None, None, None, None, None, None, None, None, None, None, None], default=KeyDefault(text_color='#000000', text_size=3), x=4.25, y=0.25, width=1, height=1, x2=0, y2=0, width2=1, height2=1, rotation_x=0.0, rotation_y=0.0, rotation_angle=0.0, decal=False, ghost=False, stepped=False, nub=False, profile='', sm='', sb='', st=''), Key(color='#cccccc', labels=['1', '', '', '', '', '', '', '', '', '', '', ''], text_color=[None, None, None, None, None, None, None, None, None, None, None, None], text_size=[None, None, None, None, None, None, None, None, None, None, None, None], default=KeyDefault(text_color='#000000', text_size=3), x=5.25, y=0.5, width=1, height=1, x2=0, y2=0, width2=1, height2=1, rotation_x=0.0, rotation_y=0.0, rotation_angle=0.0, decal=False, ghost=False, stepped=False, nub=False, profile='', sm='', sb='', st=''), Key(color='#cccccc', labels=['5', '', '', '', '', '', '', '', '', '', '', ''], text_color=[None, None, None, None, None, None, None, None, None, None, None, None], text_size=[None, None, None, None, None, None, None, None, None, None, None, None], default=KeyDefault(text_color='#000000', text_size=3), x=1.25, y=1.0, width=1, height=1, x2=0, y2=0, width2=1, height2=1, rotation_x=0.0, rotation_y=0.0, rotation_angle=0.0, decal=False, ghost=False, stepped=False, nub=False, profile='', sm='', sb='', st=''), Key(color='#cccccc', labels=['9', '', '', '', '', '', '', '', '', '', '', ''], text_color=[None, None, None, None, None, None, None, None, None, None, None, None], text_size=[None, None, None, None, None, None, None, None, None, None, None, None], default=KeyDefault(text_color='#000000', text_size=3), x=3.25, y=1.0, width=1, height=1, x2=0, y2=0, width2=1, height2=1, rotation_x=0.0, rotation_y=0.0, rotation_angle=0.0, decal=False, ghost=False, stepped=False, nub=False, profile='', sm='', sb='', st=''), Key(color='#cccccc', labels=['10', '', '', '', '', '', '', '', '', '', '', ''], text_color=[None, None, None, None, None, None, None, None, None, None, None, None], text_size=[None, None, None, None, None, None, None, None, None, None, None, None], default=KeyDefault(text_color='#000000', text_size=3), x=2.25, y=1.25, width=1, height=1, x2=0, y2=0, width2=1, height2=1, rotation_x=0.0, rotation_y=0.0, rotation_angle=0.0, decal=False, ghost=False, stepped=False, nub=False, profile='', sm='', sb='', st=''), Key(color='#cccccc', labels=['8', '', '', '', '', '', '', '', '', '', '', ''], text_color=[None, None, None, None, None, None, None, None, None, None, None, None], text_size=[None, None, None, None, None, None, None, None, None, None, None, None], default=KeyDefault(text_color='#000000', text_size=3), x=4.25, y=1.25, width=1, height=1, x2=0, y2=0, width2=1, height2=1, rotation_x=0.0, rotation_y=0.0, rotation_angle=0.0, decal=False, ghost=False, stepped=False, nub=False, profile='', sm='', sb='', st=''), Key(color='#cccccc', labels=['6', '', '', '', '', '', '', '', '', '', '', ''], text_color=[None, None, None, None, None, None, None, None, None, None, None, None], text_size=[None, None, None, None, None, None, None, None, None, None, None, None], default=KeyDefault(text_color='#000000', text_size=3), x=0.0, y=1.5, width=1, height=1, x2=0, y2=0, width2=1, height2=1, rotation_x=0.0, rotation_y=0.0, rotation_angle=0.0, decal=False, ghost=False, stepped=False, nub=False, profile='', sm='', sb='', st=''), Key(color='#cccccc', labels=['7', '', '', '', '', '', '', '', '', '', '', ''], text_color=[None, None, None, None, None, None, None, None, None, None, None, None], text_size=[None, None, None, None, None, None, None, None, None, None, None, None], default=KeyDefault(text_color='#000000', text_size=3), x=5.25, y=1.5, width=1, height=1, x2=0, y2=0, width2=1, height2=1, rotation_x=0.0, rotation_y=0.0, rotation_angle=0.0, decal=False, ghost=False, stepped=False, nub=False, profile='', sm='', sb='', st=''), Key(color='#cccccc', labels=['11', '', '', '', '', '', '', '', '', '', '', ''], text_color=[None, None, None, None, None, None, None, None, None, None, None, None], text_size=[None, None, None, None, None, None, None, None, None, None, None, None], default=KeyDefault(text_color='#000000', text_size=3), x=1.25, y=2.0, width=1, height=1, x2=0, y2=0, width2=1, height2=1, rotation_x=0.0, rotation_y=0.0, rotation_angle=0.0, decal=False, ghost=False, stepped=False, nub=False, profile='', sm='', sb='', st=''), Key(color='#cccccc', labels=['15', '', '', '', '', '', '', '', '', '', '', ''], text_color=[None, None, None, None, None, None, None, None, None, None, None, None], text_size=[None, None, None, None, None, None, None, None, None, None, None, None], default=KeyDefault(text_color='#000000', text_size=3), x=3.25, y=2.0, width=1, height=1, x2=0, y2=0, width2=1, height2=1, rotation_x=0.0, rotation_y=0.0, rotation_angle=0.0, decal=False, ghost=False, stepped=False, nub=False, profile='', sm='', sb='', st=''), Key(color='#cccccc', labels=['17', '', '', '', '', '', '', '', '', '', '', ''], text_color=[None, None, None, None, None, None, None, None, None, None, None, None], text_size=[None, None, None, None, None, None, None, None, None, None, None, None], default=KeyDefault(text_color='#000000', text_size=3), x=2.25, y=2.25, width=1, height=1, x2=0, y2=0, width2=1, height2=1, rotation_x=0.0, rotation_y=0.0, rotation_angle=0.0, decal=False, ghost=False, stepped=False, nub=False, profile='', sm='', sb='', st=''), Key(color='#cccccc', labels=['14', '', '', '', '', '', '', '', '', '', '', ''], text_color=[None, None, None, None, None, None, None, None, None, None, None, None], text_size=[None, None, None, None, None, None, None, None, None, None, None, None], default=KeyDefault(text_color='#000000', text_size=3), x=4.25, y=2.25, width=1, height=1, x2=0, y2=0, width2=1, height2=1, rotation_x=0.0, rotation_y=0.0, rotation_angle=0.0, decal=False, ghost=False, stepped=False, nub=False, profile='', sm='', sb='', st=''), Key(color='#cccccc', labels=['12', '', '', '', '', '', '', '', '', '', '', ''], text_color=[None, None, None, None, None, None, None, None, None, None, None, None], text_size=[None, None, None, None, None, None, None, None, None, None, None, None], default=KeyDefault(text_color='#000000', text_size=3), x=0.0, y=2.5, width=1, height=1, x2=0, y2=0, width2=1, height2=1, rotation_x=0.0, rotation_y=0.0, rotation_angle=0.0, decal=False, ghost=False, stepped=False, nub=False, profile='', sm='', sb='', st=''), Key(color='#cccccc', labels=['13', '', '', '', '', '', '', '', '', '', '', ''], text_color=[None, None, None, None, None, None, None, None, None, None, None, None], text_size=[None, None, None, None, None, None, None, None, None, None, None, None], default=KeyDefault(text_color='#000000', text_size=3), x=5.25, y=2.5, width=1, height=1, x2=0, y2=0, width2=1, height2=1, rotation_x=0.0, rotation_y=0.0, rotation_angle=0.0, decal=False, ghost=False, stepped=False, nub=False, profile='', sm='', sb='', st=''), Key(color='#cccccc', labels=['18', '', '', '', '', '', '', '', '', '', '', ''], text_color=[None, None, None, None, None, None, None, None, None, None, None, None], text_size=[None, None, None, None, None, None, None, None, None, None, None, None], default=KeyDefault(text_color='#000000', text_size=3), x=1.25, y=3.0, width=1, height=1, x2=0, y2=0, width2=1, height2=1, rotation_x=0.0, rotation_y=0.0, rotation_angle=0.0, decal=False, ghost=False, stepped=False, nub=False, profile='', sm='', sb='', st=''), Key(color='#cccccc', labels=['19', '', '', '', '', '', '', '', '', '', '', ''], text_color=[None, None, None, None, None, None, None, None, None, None, None, None], text_size=[None, None, None, None, None, None, None, None, None, None, None, None], default=KeyDefault(text_color='#000000', text_size=3), x=0.0, y=3.5, width=1, height=1, x2=0, y2=0, width2=1, height2=1, rotation_x=0.0, rotation_y=0.0, rotation_angle=0.0, decal=False, ghost=False, stepped=False, nub=False, profile='', sm='', sb='', st=''), Key(color='#cccccc', labels=['22', '', '', '', '', '', '', '', '', '', '', ''], text_color=[None, None, None, None, None, None, None, None, None, None, None, None], text_size=[None, None, None, None, None, None, None, None, None, None, None, None], default=KeyDefault(text_color='#000000', text_size=3), x=3.75, y=3.5, width=1, height=1, x2=0, y2=0, width2=1, height2=1, rotation_x=0.0, rotation_y=0.0, rotation_angle=0.0, decal=False, ghost=False, stepped=False, nub=False, profile='', sm='', sb='', st=''), Key(color='#cccccc', labels=['21', '', '', '', '', '', '', '', '', '', '', ''], text_color=[None, None, None, None, None, None, None, None, None, None, None, None], text_size=[None, None, None, None, None, None, None, None, None, None, None, None], default=KeyDefault(text_color='#000000', text_size=3), x=4.82, y=3.65, width=1, height=1, x2=0, y2=0, width2=1, height2=1, rotation_x=0.0, rotation_y=0.0, rotation_angle=0.0, decal=False, ghost=False, stepped=False, nub=False, profile='', sm='', sb='', st=''), Key(color='#cccccc', labels=['20', '', '', '', '', '', '', '', '', '', '', ''], text_color=[None, None, None, None, None, None, None, None, None, None, None, None], text_size=[None, None, None, None, None, None, None, None, None, None, None, None], default=KeyDefault(text_color='#000000', text_size=3), x=6.0, y=3.75, width=1, height=1, x2=0, y2=0, width2=1, height2=1, rotation_x=0.0, rotation_y=0.0, rotation_angle=0.0, decal=False, ghost=False, stepped=False, nub=False, profile='', sm='', sb='', st='')]
19:50:54 com_github_zykrah_kicad-kle-placer.kle_placer_action 134: Searching for SW1 footprint
19:50:54 com_github_zykrah_kicad-kle-placer.kle_placer_action 348: first_key_pos (116519500, 22987001)
19:50:54 com_github_zykrah_kicad-kle-placer.kle_placer_action 361: default_key_rotation 0.0
19:50:54 com_github_zykrah_kicad-kle-placer.kle_placer_action 134: Searching for D1 footprint
19:50:54 com_github_zykrah_kicad-kle-placer.kle_placer_action 134: Searching for D1 footprint
19:50:54 com_github_zykrah_kicad-kle-placer.kle_placer_action 134: Searching for SW1 footprint
19:50:54 com_github_zykrah_kicad-kle-placer.kle_placer_action 134: Searching for S1 footprint
19:50:54 com_github_zykrah_kicad-kle-placer.kle_placer_action 142: Setting SW1 footprint position: (187957000, 32512001)
19:50:54 com_github_zykrah_kicad-kle-placer.kle_placer_action 142: Setting D1 footprint position: (188722000, 42672000)
19:50:54 com_github_zykrah_kicad-kle-placer.kle_placer_action 150: Rotating D1 footprint: rotationReference: (187957000, 32512001), rotationAngle: 0
19:50:54 com_github_zykrah_kicad-kle-placer.kle_placer_action 134: Searching for D2 footprint
19:50:54 com_github_zykrah_kicad-kle-placer.kle_placer_action 134: Searching for SW2 footprint
19:50:54 com_github_zykrah_kicad-kle-placer.kle_placer_action 134: Searching for S2 footprint
19:50:54 com_github_zykrah_kicad-kle-placer.kle_placer_action 142: Setting SW2 footprint position: (168907000, 37274501)
19:50:54 com_github_zykrah_kicad-kle-placer.kle_placer_action 142: Setting D2 footprint position: (169672000, 47434500)
19:50:54 com_github_zykrah_kicad-kle-placer.kle_placer_action 150: Rotating D2 footprint: rotationReference: (168907000, 37274501), rotationAngle: 0
19:50:54 com_github_zykrah_kicad-kle-placer.kle_placer_action 134: Searching for D3 footprint
19:50:54 com_github_zykrah_kicad-kle-placer.kle_placer_action 134: Searching for SW3 footprint
19:50:54 com_github_zykrah_kicad-kle-placer.kle_placer_action 134: Searching for S3 footprint
19:50:54 com_github_zykrah_kicad-kle-placer.kle_placer_action 142: Setting SW3 footprint position: (207007000, 37274501)
19:50:54 com_github_zykrah_kicad-kle-placer.kle_placer_action 142: Setting D3 footprint position: (207772000, 47434500)
19:50:54 com_github_zykrah_kicad-kle-placer.kle_placer_action 150: Rotating D3 footprint: rotationReference: (207007000, 37274501), rotationAngle: 0
19:50:54 com_github_zykrah_kicad-kle-placer.kle_placer_action 134: Searching for D4 footprint
19:50:54 com_github_zykrah_kicad-kle-placer.kle_placer_action 134: Searching for SW4 footprint
19:50:54 com_github_zykrah_kicad-kle-placer.kle_placer_action 134: Searching for S4 footprint
19:50:54 com_github_zykrah_kicad-kle-placer.kle_placer_action 142: Setting SW4 footprint position: (226057000, 42037001)
19:50:54 com_github_zykrah_kicad-kle-placer.kle_placer_action 142: Setting D4 footprint position: (226822000, 52197000)
19:50:54 com_github_zykrah_kicad-kle-placer.kle_placer_action 150: Rotating D4 footprint: rotationReference: (226057000, 42037001), rotationAngle: 0
19:50:54 com_github_zykrah_kicad-kle-placer.kle_placer_action 134: Searching for D5 footprint
19:50:54 com_github_zykrah_kicad-kle-placer.kle_placer_action 134: Searching for SW5 footprint
19:50:54 com_github_zykrah_kicad-kle-placer.kle_placer_action 134: Searching for S5 footprint
19:50:54 com_github_zykrah_kicad-kle-placer.kle_placer_action 142: Setting SW5 footprint position: (149857000, 51562001)
19:50:54 com_github_zykrah_kicad-kle-placer.kle_placer_action 142: Setting D5 footprint position: (150622000, 61722000)
19:50:54 com_github_zykrah_kicad-kle-placer.kle_placer_action 150: Rotating D5 footprint: rotationReference: (149857000, 51562001), rotationAngle: 0
19:50:54 com_github_zykrah_kicad-kle-placer.kle_placer_action 134: Searching for D6 footprint
19:50:54 com_github_zykrah_kicad-kle-placer.kle_placer_action 134: Searching for SW6 footprint
19:50:54 com_github_zykrah_kicad-kle-placer.kle_placer_action 134: Searching for S6 footprint
19:50:54 com_github_zykrah_kicad-kle-placer.kle_placer_action 142: Setting SW6 footprint position: (187957000, 51562001)
19:50:54 com_github_zykrah_kicad-kle-placer.kle_placer_action 142: Setting D6 footprint position: (188722000, 61722000)
19:50:54 com_github_zykrah_kicad-kle-placer.kle_placer_action 150: Rotating D6 footprint: rotationReference: (187957000, 51562001), rotationAngle: 0
19:50:54 com_github_zykrah_kicad-kle-placer.kle_placer_action 134: Searching for D7 footprint
19:50:54 com_github_zykrah_kicad-kle-placer.kle_placer_action 134: Searching for SW7 footprint
19:50:54 com_github_zykrah_kicad-kle-placer.kle_placer_action 134: Searching for S7 footprint
19:50:54 com_github_zykrah_kicad-kle-placer.kle_placer_action 142: Setting SW7 footprint position: (168907000, 56324501)
19:50:54 com_github_zykrah_kicad-kle-placer.kle_placer_action 142: Setting D7 footprint position: (169672000, 66484500)
19:50:54 com_github_zykrah_kicad-kle-placer.kle_placer_action 150: Rotating D7 footprint: rotationReference: (168907000, 56324501), rotationAngle: 0
19:50:54 com_github_zykrah_kicad-kle-placer.kle_placer_action 134: Searching for D8 footprint
19:50:54 com_github_zykrah_kicad-kle-placer.kle_placer_action 134: Searching for SW8 footprint
19:50:54 com_github_zykrah_kicad-kle-placer.kle_placer_action 134: Searching for S8 footprint
19:50:54 com_github_zykrah_kicad-kle-placer.kle_placer_action 142: Setting SW8 footprint position: (207007000, 56324501)
19:50:54 com_github_zykrah_kicad-kle-placer.kle_placer_action 142: Setting D8 footprint position: (207772000, 66484500)
19:50:54 com_github_zykrah_kicad-kle-placer.kle_placer_action 150: Rotating D8 footprint: rotationReference: (207007000, 56324501), rotationAngle: 0
19:50:54 com_github_zykrah_kicad-kle-placer.kle_placer_action 134: Searching for D9 footprint
19:50:54 com_github_zykrah_kicad-kle-placer.kle_placer_action 134: Searching for SW9 footprint
19:50:54 com_github_zykrah_kicad-kle-placer.kle_placer_action 134: Searching for S9 footprint
19:50:54 com_github_zykrah_kicad-kle-placer.kle_placer_action 142: Setting SW9 footprint position: (126044500, 61087001)
19:50:54 com_github_zykrah_kicad-kle-placer.kle_placer_action 142: Setting D9 footprint position: (126809500, 71247000)
19:50:54 com_github_zykrah_kicad-kle-placer.kle_placer_action 150: Rotating D9 footprint: rotationReference: (126044500, 61087001), rotationAngle: 0
19:50:54 com_github_zykrah_kicad-kle-placer.kle_placer_action 134: Searching for D10 footprint
19:50:54 com_github_zykrah_kicad-kle-placer.kle_placer_action 134: Searching for SW10 footprint
19:50:54 com_github_zykrah_kicad-kle-placer.kle_placer_action 134: Searching for S10 footprint
19:50:54 com_github_zykrah_kicad-kle-placer.kle_placer_action 142: Setting SW10 footprint position: (226057000, 61087001)
19:50:54 com_github_zykrah_kicad-kle-placer.kle_placer_action 142: Setting D10 footprint position: (226822000, 71247000)
19:50:54 com_github_zykrah_kicad-kle-placer.kle_placer_action 150: Rotating D10 footprint: rotationReference: (226057000, 61087001), rotationAngle: 0
19:50:54 com_github_zykrah_kicad-kle-placer.kle_placer_action 134: Searching for D11 footprint
19:50:54 com_github_zykrah_kicad-kle-placer.kle_placer_action 134: Searching for SW11 footprint
19:50:54 com_github_zykrah_kicad-kle-placer.kle_placer_action 134: Searching for S11 footprint
19:50:54 com_github_zykrah_kicad-kle-placer.kle_placer_action 142: Setting SW11 footprint position: (149857000, 70612001)
19:50:54 com_github_zykrah_kicad-kle-placer.kle_placer_action 142: Setting D11 footprint position: (150622000, 80772000)
19:50:54 com_github_zykrah_kicad-kle-placer.kle_placer_action 150: Rotating D11 footprint: rotationReference: (149857000, 70612001), rotationAngle: 0
19:50:54 com_github_zykrah_kicad-kle-placer.kle_placer_action 134: Searching for D12 footprint
19:50:54 com_github_zykrah_kicad-kle-placer.kle_placer_action 134: Searching for SW12 footprint
19:50:54 com_github_zykrah_kicad-kle-placer.kle_placer_action 134: Searching for S12 footprint
19:50:54 com_github_zykrah_kicad-kle-placer.kle_placer_action 142: Setting SW12 footprint position: (187957000, 70612001)
19:50:54 com_github_zykrah_kicad-kle-placer.kle_placer_action 142: Setting D12 footprint position: (188722000, 80772000)
19:50:54 com_github_zykrah_kicad-kle-placer.kle_placer_action 150: Rotating D12 footprint: rotationReference: (187957000, 70612001), rotationAngle: 0
19:50:54 com_github_zykrah_kicad-kle-placer.kle_placer_action 134: Searching for D13 footprint
19:50:54 com_github_zykrah_kicad-kle-placer.kle_placer_action 134: Searching for SW13 footprint
19:50:54 com_github_zykrah_kicad-kle-placer.kle_placer_action 134: Searching for S13 footprint
19:50:54 com_github_zykrah_kicad-kle-placer.kle_placer_action 142: Setting SW13 footprint position: (168907000, 75374501)
19:50:54 com_github_zykrah_kicad-kle-placer.kle_placer_action 142: Setting D13 footprint position: (169672000, 85534500)
19:50:54 com_github_zykrah_kicad-kle-placer.kle_placer_action 150: Rotating D13 footprint: rotationReference: (168907000, 75374501), rotationAngle: 0
19:50:54 com_github_zykrah_kicad-kle-placer.kle_placer_action 134: Searching for D14 footprint
19:50:54 com_github_zykrah_kicad-kle-placer.kle_placer_action 134: Searching for SW14 footprint
19:50:54 com_github_zykrah_kicad-kle-placer.kle_placer_action 134: Searching for S14 footprint
19:50:54 com_github_zykrah_kicad-kle-placer.kle_placer_action 142: Setting SW14 footprint position: (207007000, 75374501)
19:50:54 com_github_zykrah_kicad-kle-placer.kle_placer_action 142: Setting D14 footprint position: (207772000, 85534500)
19:50:54 com_github_zykrah_kicad-kle-placer.kle_placer_action 150: Rotating D14 footprint: rotationReference: (207007000, 75374501), rotationAngle: 0
19:50:54 com_github_zykrah_kicad-kle-placer.kle_placer_action 134: Searching for D15 footprint
19:50:54 com_github_zykrah_kicad-kle-placer.kle_placer_action 134: Searching for SW15 footprint
19:50:54 com_github_zykrah_kicad-kle-placer.kle_placer_action 134: Searching for S15 footprint
19:50:54 com_github_zykrah_kicad-kle-placer.kle_placer_action 142: Setting SW15 footprint position: (126044500, 80137001)
19:50:54 com_github_zykrah_kicad-kle-placer.kle_placer_action 142: Setting D15 footprint position: (126809500, 90297000)
19:50:54 com_github_zykrah_kicad-kle-placer.kle_placer_action 150: Rotating D15 footprint: rotationReference: (126044500, 80137001), rotationAngle: 0
19:50:54 com_github_zykrah_kicad-kle-placer.kle_placer_action 134: Searching for D16 footprint
19:50:54 com_github_zykrah_kicad-kle-placer.kle_placer_action 134: Searching for SW16 footprint
19:50:54 com_github_zykrah_kicad-kle-placer.kle_placer_action 134: Searching for S16 footprint
19:50:54 com_github_zykrah_kicad-kle-placer.kle_placer_action 142: Setting SW16 footprint position: (226057000, 80137001)
19:50:54 com_github_zykrah_kicad-kle-placer.kle_placer_action 142: Setting D16 footprint position: (226822000, 90297000)
19:50:54 com_github_zykrah_kicad-kle-placer.kle_placer_action 150: Rotating D16 footprint: rotationReference: (226057000, 80137001), rotationAngle: 0
19:50:54 com_github_zykrah_kicad-kle-placer.kle_placer_action 134: Searching for D17 footprint
19:50:54 com_github_zykrah_kicad-kle-placer.kle_placer_action 134: Searching for SW17 footprint
19:50:54 com_github_zykrah_kicad-kle-placer.kle_placer_action 134: Searching for S17 footprint
19:50:54 com_github_zykrah_kicad-kle-placer.kle_placer_action 142: Setting SW17 footprint position: (149857000, 89662001)
19:50:54 com_github_zykrah_kicad-kle-placer.kle_placer_action 142: Setting D17 footprint position: (150622000, 99822000)
19:50:54 com_github_zykrah_kicad-kle-placer.kle_placer_action 150: Rotating D17 footprint: rotationReference: (149857000, 89662001), rotationAngle: 0
19:50:54 com_github_zykrah_kicad-kle-placer.kle_placer_action 134: Searching for D18 footprint
19:50:54 com_github_zykrah_kicad-kle-placer.kle_placer_action 134: Searching for SW18 footprint
19:50:54 com_github_zykrah_kicad-kle-placer.kle_placer_action 134: Searching for S18 footprint
19:50:54 com_github_zykrah_kicad-kle-placer.kle_placer_action 142: Setting SW18 footprint position: (126044500, 99187001)
19:50:54 com_github_zykrah_kicad-kle-placer.kle_placer_action 142: Setting D18 footprint position: (126809500, 109347000)
19:50:54 com_github_zykrah_kicad-kle-placer.kle_placer_action 150: Rotating D18 footprint: rotationReference: (126044500, 99187001), rotationAngle: 0
19:50:54 com_github_zykrah_kicad-kle-placer.kle_placer_action 134: Searching for D19 footprint
19:50:54 com_github_zykrah_kicad-kle-placer.kle_placer_action 134: Searching for SW19 footprint
19:50:54 com_github_zykrah_kicad-kle-placer.kle_placer_action 134: Searching for S19 footprint
19:50:54 com_github_zykrah_kicad-kle-placer.kle_placer_action 142: Setting SW19 footprint position: (197482000, 99187001)
19:50:54 com_github_zykrah_kicad-kle-placer.kle_placer_action 142: Setting D19 footprint position: (198247000, 109347000)
19:50:54 com_github_zykrah_kicad-kle-placer.kle_placer_action 150: Rotating D19 footprint: rotationReference: (197482000, 99187001), rotationAngle: 0
19:50:54 com_github_zykrah_kicad-kle-placer.kle_placer_action 134: Searching for D20 footprint
19:50:54 com_github_zykrah_kicad-kle-placer.kle_placer_action 134: Searching for SW20 footprint
19:50:54 com_github_zykrah_kicad-kle-placer.kle_placer_action 134: Searching for S20 footprint
19:50:54 com_github_zykrah_kicad-kle-placer.kle_placer_action 142: Setting SW20 footprint position: (217865500, 102044501)
19:50:54 com_github_zykrah_kicad-kle-placer.kle_placer_action 142: Setting D20 footprint position: (218630500, 112204500)
19:50:54 com_github_zykrah_kicad-kle-placer.kle_placer_action 150: Rotating D20 footprint: rotationReference: (217865500, 102044501), rotationAngle: 0
19:50:54 com_github_zykrah_kicad-kle-placer.kle_placer_action 134: Searching for D21 footprint
19:50:54 com_github_zykrah_kicad-kle-placer.kle_placer_action 134: Searching for SW21 footprint
19:50:54 com_github_zykrah_kicad-kle-placer.kle_placer_action 134: Searching for S21 footprint
19:50:54 com_github_zykrah_kicad-kle-placer.kle_placer_action 142: Setting SW21 footprint position: (240344500, 103949501)
19:50:54 com_github_zykrah_kicad-kle-placer.kle_placer_action 142: Setting D21 footprint position: (241109500, 114109500)
19:50:54 com_github_zykrah_kicad-kle-placer.kle_placer_action 150: Rotating D21 footprint: rotationReference: (240344500, 103949501), rotationAngle: 0
